<?xml version="1.0" encoding="UTF-8"?>
<testng-results skipped="0" failed="0" total="1" passed="1">
  <reporter-output>
  </reporter-output>
  <suite name="Default suite" duration-ms="16679" started-at="2019-03-14T13:50:18Z" finished-at="2019-03-14T13:50:35Z">
    <groups>
    </groups>
    <test name="Default test" duration-ms="16679" started-at="2019-03-14T13:50:18Z" finished-at="2019-03-14T13:50:35Z">
      <class name="testcases.LoginPageTest">
        <test-method status="PASS" signature="setUp()[pri:0, instance:testcases.LoginPageTest@cc285f4]" name="setUp" is-config="true" duration-ms="11362" started-at="2019-03-14T19:20:18Z" finished-at="2019-03-14T19:20:30Z">
          <reporter-output>
          </reporter-output>
        </test-method> <!-- setUp -->
        <test-method status="PASS" signature="loginTest()[pri:0, instance:testcases.LoginPageTest@cc285f4]" name="loginTest" duration-ms="4611" started-at="2019-03-14T19:20:30Z" finished-at="2019-03-14T19:20:34Z">
          <reporter-output>
          </reporter-output>
        </test-method> <!-- loginTest -->
        <test-method status="PASS" signature="tearDown()[pri:0, instance:testcases.LoginPageTest@cc285f4]" name="tearDown" is-config="true" duration-ms="692" started-at="2019-03-14T19:20:34Z" finished-at="2019-03-14T19:20:35Z">
          <reporter-output>
          </reporter-output>
        </test-method> <!-- tearDown -->
      </class> <!-- testcases.LoginPageTest -->
    </test> <!-- Default test -->
  </suite> <!-- Default suite -->
</testng-results>
