<?xml version="1.0" encoding="UTF-8"?>
<testng-results skipped="0" failed="0" ignored="0" total="1" passed="1">
  <reporter-output>
  </reporter-output>
  <suite name="Default suite" duration-ms="44684" started-at="2019-05-02T17:44:25Z" finished-at="2019-05-02T17:45:09Z">
    <groups>
    </groups>
    <test name="Default test" duration-ms="44684" started-at="2019-05-02T17:44:25Z" finished-at="2019-05-02T17:45:09Z">
      <class name="testcases.LoginPageTest">
        <test-method status="PASS" signature="setUp()[pri:0, instance:testcases.LoginPageTest@42e26948]" name="setUp" is-config="true" duration-ms="31306" started-at="2019-05-02T17:44:25Z" finished-at="2019-05-02T17:44:56Z">
          <reporter-output>
          </reporter-output>
        </test-method> <!-- setUp -->
        <test-method status="PASS" signature="loginTest()[pri:0, instance:testcases.LoginPageTest@42e26948]" name="loginTest" duration-ms="12622" started-at="2019-05-02T17:44:56Z" finished-at="2019-05-02T17:45:09Z">
          <reporter-output>
          </reporter-output>
        </test-method> <!-- loginTest -->
        <test-method status="PASS" signature="tearDown()[pri:0, instance:testcases.LoginPageTest@42e26948]" name="tearDown" is-config="true" duration-ms="710" started-at="2019-05-02T17:45:09Z" finished-at="2019-05-02T17:45:09Z">
          <reporter-output>
          </reporter-output>
        </test-method> <!-- tearDown -->
      </class> <!-- testcases.LoginPageTest -->
    </test> <!-- Default test -->
  </suite> <!-- Default suite -->
</testng-results>
